1710878939374:help
1710878942791:today
1710878947909:quit
1710879004540:help
1710879007326:today
1710879010893:exit
1710879739307:help
1710879741495:today
1710880101780:help
1710880104059:today
1710880318984:exit
1710880337420:today
1710880590056:exit
1710880642219:today
1710880663866:exit
1710880697187:today
1710880968426:quit
1710881393908:today
1710881454805:exit
1710881470671:today
1710881524692:exit
1710881545221:today
1710888812217:help
1710888815481:clear
1710888821562:history
1710888826977:today
1710889330757:exit
1710889390308:today
1710889393731:exit
1710889565444:today
1710889575473:quit
1710889617816:today
1710889815294:quit
1710889845463:today fr FR
1710889852550:today en US
1710889861221:exit
1710889945463:today fr FR
1710889948614:help
1710898871040:exit
1710899190857:help
1710899193343:today
1710899200241:today fr FR
1710899214321:today en CA
1710899236999:exit
1710899387786:help
1710899394546:today fr FR
1710899526736:exit
1710899544915:today fr FR
1710899998408:today en US
1710900004298:today en CA
1710902821221:exit
1710939735642:today
1710939743859:today en US
1710940046993:exit
1710940087498:today en US
1710940200425:exit
1710940272369:today en US
1710940414431:today en CA
1710940480448:today en US
1710940488527:today fr FR
1710940821503:today en US
1710940828429:today fr FR
1710940882710:today en CA
1710940891412:today fr FR
1710940894380:exit
1710940924317:today fr FR
1710940926563:exit
1710941733697:today fr FR
1710941738781:exit
1710944091192:today fr FR
1710944215422:today en CA
1710944221480:today zh TW
1710944224999:exit
